<?xml version="1.0" encoding="UTF-8"?>
<!-- Generated by org.testng.reporters.JUnitXMLReporter -->
<testsuite ignored="0" hostname="DESKTOP-ANO00B0" failures="0" tests="5" name="ChromeTest" time="40.054" errors="0" timestamp="2025-01-14T15:18:19 GMT-12:00">
  <testcase classname="testCase.LoginPageTest" name="LoginWithValidCredential" time="1.05">
    <skipped/>
  </testcase> <!-- LoginWithValidCredential -->
  <testcase classname="testCase.LoginPageTest" name="LoginWithValidCredential" time="4.333"/>
  <testcase classname="testCase.LoginPageTest" name="LoginWithInvalidCredential" time="1.206"/>
  <testcase classname="testCase.LoginPageTest" name="LoginWithInvalidCredential" time="0.928"/>
  <testcase classname="testCase.LoginPageTest" name="LoginWithInvalidCredential" time="1.842"/>
</testsuite> <!-- ChromeTest -->
