<?xml version="1.0" encoding="UTF-8"?>
<!-- Generated by org.testng.reporters.JUnitXMLReporter -->
<testsuite ignored="2" hostname="DESKTOP-ANO00B0" failures="0" tests="1" name="ChromeTest" time="19.153" errors="0" timestamp="2025-01-16T12:40:59 GMT-12:00">
  <testcase classname="testCase.ManageNewsTest" name="verifyAlertMessageOnCreateNews" time="14.237"/>
  <testcase classname="testCase.ManageNewsTest" name="verifyRemoveDuplicateNews" time="0.0">
    <ignored/>
  </testcase> <!-- verifyRemoveDuplicateNews -->
  <testcase classname="testCase.ManageNewsTest" name="verifyMessageoOnDeleteAllNews" time="0.0">
    <ignored/>
  </testcase> <!-- verifyMessageoOnDeleteAllNews -->
</testsuite> <!-- ChromeTest -->
