<?xml version="1.0" encoding="UTF-8"?>
<!-- Generated by org.testng.reporters.JUnitXMLReporter -->
<testsuite ignored="0" hostname="DESKTOP-ANO00B0" failures="0" tests="2" name="EdgeTest" time="44.496" errors="0" timestamp="2025-01-16T10:21:33 GMT-12:00">
  <testcase classname="testCase.ManageNewsTest" name="verifyCreateNewCategory" time="1.369">
    <skipped/>
  </testcase> <!-- verifyCreateNewCategory -->
  <testcase classname="testCase.ManageNewsTest" name="verifyCreateNewCategory" time="26.957"/>
</testsuite> <!-- EdgeTest -->
