<?xml version="1.0" encoding="UTF-8"?>
<!-- Generated by org.testng.reporters.JUnitXMLReporter -->
<testsuite ignored="0" hostname="DESKTOP-ANO00B0" failures="0" tests="5" name="EdgeTest" time="43.899" errors="0" timestamp="2025-01-14T15:18:22 GMT-12:00">
  <testcase classname="testCase.LoginPageTest" name="LoginWithValidCredential" time="0.651">
    <skipped/>
  </testcase> <!-- LoginWithValidCredential -->
  <testcase classname="testCase.LoginPageTest" name="LoginWithValidCredential" time="2.215"/>
  <testcase classname="testCase.LoginPageTest" name="LoginWithInvalidCredential" time="0.973"/>
  <testcase classname="testCase.LoginPageTest" name="LoginWithInvalidCredential" time="0.956"/>
  <testcase classname="testCase.LoginPageTest" name="LoginWithInvalidCredential" time="0.881"/>
</testsuite> <!-- EdgeTest -->
