<?xml version="1.0" encoding="UTF-8"?>
<testng-results ignored="0" total="1" passed="1" failed="0" skipped="0">
  <reporter-output>
  </reporter-output>
  <suite started-at="2025-01-16T12:40:39 GMT-12:00" name="GroceryApplication" finished-at="2025-01-16T12:40:58 GMT-12:00" duration-ms="19153">
    <groups>
    </groups>
    <test started-at="2025-01-16T12:40:39 GMT-12:00" name="ChromeTest" finished-at="2025-01-16T12:40:58 GMT-12:00" duration-ms="19153">
      <class name="testCase.ManageNewsTest">
        <test-method is-config="true" signature="beforeMethod(java.lang.String)[pri:0, instance:testCase.ManageNewsTest@4c583ecf]" started-at="2025-01-16T12:40:40 GMT-12:00" name="beforeMethod" finished-at="2025-01-16T12:40:44 GMT-12:00" duration-ms="3941" status="PASS">
          <params>
            <param index="0">
              <value>
                <![CDATA[chrome]]>
              </value>
            </param>
          </params>
          <reporter-output>
          </reporter-output>
        </test-method> <!-- beforeMethod -->
        <test-method signature="verifyAlertMessageOnCreateNews()[pri:0, instance:testCase.ManageNewsTest@4c583ecf]" started-at="2025-01-16T12:40:44 GMT-12:00" name="verifyAlertMessageOnCreateNews" finished-at="2025-01-16T12:40:58 GMT-12:00" duration-ms="14237" status="PASS">
          <reporter-output>
          </reporter-output>
        </test-method> <!-- verifyAlertMessageOnCreateNews -->
        <test-method is-config="true" signature="afterMethode(org.testng.ITestResult)[pri:0, instance:testCase.ManageNewsTest@4c583ecf]" started-at="2025-01-16T12:40:58 GMT-12:00" name="afterMethode" finished-at="2025-01-16T12:40:58 GMT-12:00" duration-ms="455" status="PASS">
          <params>
            <param index="0">
              <value>
                <![CDATA[[TestResult name=verifyAlertMessageOnCreateNews status=SUCCESS method=ManageNewsTest.verifyAlertMessageOnCreateNews()[pri:0, instance:testCase.ManageNewsTest@4c583ecf] output={null}]]]>
              </value>
            </param>
          </params>
          <reporter-output>
          </reporter-output>
        </test-method> <!-- afterMethode -->
      </class> <!-- testCase.ManageNewsTest -->
    </test> <!-- ChromeTest -->
  </suite> <!-- GroceryApplication -->
</testng-results>
